<?xml version="1.0" encoding="UTF-8"?>
<!-- Generated by org.testng.reporters.JUnitXMLReporter -->
<testsuite ignored="3" hostname="JOYSTON" failures="0" tests="3" name="Test" time="0.081" errors="0" timestamp="2023-11-27T16:23:24 IST">
  <testcase classname="sample.TestScript34Test" name="ts4" time="0.012"/>
  <testcase classname="sample.TestScript12Test" name="ts2" time="0.002"/>
  <testcase classname="sample.TestScript56Test" name="ts6" time="0.002"/>
  <testcase classname="sample.TestScript56Test" name="ts5" time="0.0">
    <ignored/>
  </testcase> <!-- ts5 -->
  <testcase classname="sample.TestScript34Test" name="ts3" time="0.0">
    <ignored/>
  </testcase> <!-- ts3 -->
  <testcase classname="sample.TestScript12Test" name="ts1" time="0.0">
    <ignored/>
  </testcase> <!-- ts1 -->
</testsuite> <!-- Test -->
