<?xml version="1.0" encoding="UTF-8"?>
<testng-results ignored="3" total="6" passed="3" failed="0" skipped="0">
  <reporter-output>
  </reporter-output>
  <suite started-at="2023-11-27T16:23:24 IST" name="Suite" finished-at="2023-11-27T16:23:24 IST" duration-ms="81">
    <groups>
      <group name="regression">
        <method signature="TestScript12Test.ts2()[pri:0, instance:sample.TestScript12Test@7cc0cdad]" name="ts2" class="sample.TestScript12Test"/>
        <method signature="TestScript34Test.ts4()[pri:0, instance:sample.TestScript34Test@4562e04d]" name="ts4" class="sample.TestScript34Test"/>
        <method signature="TestScript56Test.ts6()[pri:0, instance:sample.TestScript56Test@7c7b252e]" name="ts6" class="sample.TestScript56Test"/>
      </group> <!-- regression -->
    </groups>
    <test started-at="2023-11-27T16:23:24 IST" name="Test" finished-at="2023-11-27T16:23:24 IST" duration-ms="81">
      <class name="sample.TestScript34Test">
        <test-method signature="ts4()[pri:0, instance:sample.TestScript34Test@4562e04d]" started-at="2023-11-27T16:23:24 IST" name="ts4" finished-at="2023-11-27T16:23:24 IST" duration-ms="12" status="PASS">
          <reporter-output>
          </reporter-output>
        </test-method> <!-- ts4 -->
      </class> <!-- sample.TestScript34Test -->
      <class name="sample.TestScript12Test">
        <test-method signature="ts2()[pri:0, instance:sample.TestScript12Test@7cc0cdad]" started-at="2023-11-27T16:23:24 IST" name="ts2" finished-at="2023-11-27T16:23:24 IST" duration-ms="2" status="PASS">
          <reporter-output>
          </reporter-output>
        </test-method> <!-- ts2 -->
      </class> <!-- sample.TestScript12Test -->
      <class name="sample.TestScript56Test">
        <test-method signature="ts6()[pri:0, instance:sample.TestScript56Test@7c7b252e]" started-at="2023-11-27T16:23:24 IST" name="ts6" finished-at="2023-11-27T16:23:24 IST" duration-ms="2" status="PASS">
          <reporter-output>
          </reporter-output>
        </test-method> <!-- ts6 -->
      </class> <!-- sample.TestScript56Test -->
    </test> <!-- Test -->
  </suite> <!-- Suite -->
</testng-results>
